<?xml version="1.0" encoding="UTF-8"?>
<!-- Generated by org.testng.reporters.JUnitReportReporter -->
<testsuite skipped="0" hostname="DESKTOP-K7Q1R6A" name="CCS.login" tests="1" failures="0" timestamp="07 Dec 2019 12:01:23 GMT" time="57.295" errors="0">
  <testcase name="login" time="57.295" classname="CCS.login"/>
</testsuite> <!-- CCS.login -->
