<?xml version="1.0" encoding="UTF-8"?>
<!-- Generated by org.testng.reporters.JUnitReportReporter -->
<testsuite skipped="0" hostname="DESKTOP-K7Q1R6A" name="CCS.Home_page_test" tests="1" failures="0" timestamp="14 Dec 2019 14:11:48 GMT" time="5.686" errors="0">
  <testcase name="homepage" time="5.686" classname="CCS.Home_page_test"/>
</testsuite> <!-- CCS.Home_page_test -->
