<?xml version="1.0" encoding="UTF-8"?>
<!-- Generated by org.testng.reporters.JUnitReportReporter -->
<testsuite skipped="0" hostname="DESKTOP-K7Q1R6A" name="CCS.Homepage" tests="1" failures="0" timestamp="07 Dec 2019 13:06:48 GMT" time="23.960" errors="0">
  <testcase name="login" time="23.960" classname="CCS.Homepage"/>
</testsuite> <!-- CCS.Homepage -->
