<?xml version="1.0" encoding="UTF-8"?>
<!-- Generated by org.testng.reporters.JUnitReportReporter -->
<testsuite skipped="0" hostname="DESKTOP-K7Q1R6A" name="CCS.login_page_test" tests="1" failures="0" timestamp="14 Dec 2019 15:59:29 GMT" time="7.522" errors="0">
  <testcase name="login" time="7.522" classname="CCS.login_page_test"/>
</testsuite> <!-- CCS.login_page_test -->
