<?xml version="1.0" encoding="UTF-8"?>
<!-- Generated by org.testng.reporters.JUnitReportReporter -->
<testsuite skipped="0" hostname="DESKTOP-K7Q1R6A" name="CCS.Addcart" tests="1" failures="0" timestamp="15 Dec 2019 12:35:09 GMT" time="15.960" errors="0">
  <testcase name="login" time="15.960" classname="CCS.Addcart"/>
</testsuite> <!-- CCS.Addcart -->
