<?xml version="1.0" encoding="UTF-8"?>
<!-- Generated by org.testng.reporters.JUnitReportReporter -->
<testsuite skipped="0" hostname="DESKTOP-K7Q1R6A" name="CCS.Search_bar" tests="1" failures="0" timestamp="15 Dec 2019 12:00:45 GMT" time="12.331" errors="0">
  <testcase name="login" time="12.331" classname="CCS.Search_bar"/>
</testsuite> <!-- CCS.Search_bar -->
