<?xml version="1.0" encoding="UTF-8"?>
<!-- Generated by org.testng.reporters.JUnitReportReporter -->
<testsuite skipped="0" hostname="DESKTOP-K7Q1R6A" name="CCS.Home_page_test" tests="1" failures="0" timestamp="14 Dec 2019 14:14:49 GMT" time="7.264" errors="0">
  <testcase name="homepage" time="7.264" classname="CCS.Home_page_test"/>
</testsuite> <!-- CCS.Home_page_test -->
