<?xml version="1.0" encoding="UTF-8"?>
<!-- Generated by org.testng.reporters.JUnitReportReporter -->
<testsuite skipped="0" hostname="DESKTOP-K7Q1R6A" name="CCS.login_page_test_using_dataprovider_annotation" tests="1" failures="0" timestamp="14 Dec 2019 16:14:26 GMT" time="19.264" errors="0">
  <testcase name="login_multiple_data" time="19.264" classname="CCS.login_page_test_using_dataprovider_annotation"/>
</testsuite> <!-- CCS.login_page_test_using_dataprovider_annotation -->
